<?xml version="1.0" encoding="UTF-8"?>
<!-- Generated by org.testng.reporters.JUnitReportReporter -->
<testsuite hostname="DESKTOP-KG418EV" failures="0" tests="1" name="com.nopcommerce.grid.Level_23_Local" time="3.556" errors="0" timestamp="06 Nov 2023 03:43:53 GMT" skipped="0">
  <testcase classname="com.nopcommerce.grid.Level_23_Local" name="User_01_Register" time="3.556"/>
</testsuite> <!-- com.nopcommerce.grid.Level_23_Local -->
