<?xml version="1.0" encoding="UTF-8"?>
<!-- Generated by org.testng.reporters.JUnitReportReporter -->
<testsuite hostname="DESKTOP-KG418EV" failures="0" tests="1" name="com.nopcommerce.grid.Level_23_Grid" time="4.889" errors="0" timestamp="06 Nov 2023 04:59:12 GMT" skipped="0">
  <testcase classname="com.nopcommerce.grid.Level_23_Grid" name="User_01_Register" time="4.889"/>
</testsuite> <!-- com.nopcommerce.grid.Level_23_Grid -->
